<?xml version="1.0" encoding="UTF-8"?>
<testng-results ignored="0" total="3" passed="3" failed="0" skipped="0">
  <reporter-output>
  </reporter-output>
  <suite started-at="2024-11-29T16:13:46 IST" name="Suite" finished-at="2024-11-29T16:14:08 IST" duration-ms="22693">
    <groups>
    </groups>
    <test started-at="2024-11-29T16:13:46 IST" name="WebPage Test3" finished-at="2024-11-29T16:14:05 IST" duration-ms="19550">
      <class name="WebPageTest">
        <test-method is-config="true" signature="setUp(java.lang.String)[pri:0, instance:WebPageTest@723e88f9]" started-at="2024-11-29T16:13:46 IST" name="setUp" finished-at="2024-11-29T16:13:50 IST" duration-ms="3850" status="PASS">
          <params>
            <param index="0">
              <value>
                <![CDATA[edge]]>
              </value>
            </param>
          </params>
          <reporter-output>
          </reporter-output>
        </test-method> <!-- setUp -->
        <test-method signature="testHomePage()[pri:0, instance:WebPageTest@723e88f9]" started-at="2024-11-29T16:13:50 IST" name="testHomePage" finished-at="2024-11-29T16:14:04 IST" duration-ms="14168" status="PASS">
          <reporter-output>
          </reporter-output>
        </test-method> <!-- testHomePage -->
        <test-method is-config="true" signature="tearDown()[pri:0, instance:WebPageTest@723e88f9]" started-at="2024-11-29T16:14:04 IST" name="tearDown" finished-at="2024-11-29T16:14:05 IST" duration-ms="1379" status="PASS">
          <reporter-output>
          </reporter-output>
        </test-method> <!-- tearDown -->
      </class> <!-- WebPageTest -->
    </test> <!-- WebPage Test3 -->
    <test started-at="2024-11-29T16:13:46 IST" name="WebPage Test1" finished-at="2024-11-29T16:14:06 IST" duration-ms="19875">
      <class name="WebPageTest">
        <test-method is-config="true" signature="setUp(java.lang.String)[pri:0, instance:WebPageTest@928763c]" started-at="2024-11-29T16:13:46 IST" name="setUp" finished-at="2024-11-29T16:13:50 IST" duration-ms="3850" status="PASS">
          <params>
            <param index="0">
              <value>
                <![CDATA[chrome]]>
              </value>
            </param>
          </params>
          <reporter-output>
          </reporter-output>
        </test-method> <!-- setUp -->
        <test-method signature="testHomePage()[pri:0, instance:WebPageTest@928763c]" started-at="2024-11-29T16:13:50 IST" name="testHomePage" finished-at="2024-11-29T16:14:05 IST" duration-ms="15589" status="PASS">
          <reporter-output>
          </reporter-output>
        </test-method> <!-- testHomePage -->
        <test-method is-config="true" signature="tearDown()[pri:0, instance:WebPageTest@928763c]" started-at="2024-11-29T16:14:05 IST" name="tearDown" finished-at="2024-11-29T16:14:06 IST" duration-ms="290" status="PASS">
          <reporter-output>
          </reporter-output>
        </test-method> <!-- tearDown -->
      </class> <!-- WebPageTest -->
    </test> <!-- WebPage Test1 -->
    <test started-at="2024-11-29T16:13:46 IST" name="WebPage Test2" finished-at="2024-11-29T16:14:08 IST" duration-ms="22693">
      <class name="WebPageTest">
        <test-method is-config="true" signature="setUp(java.lang.String)[pri:0, instance:WebPageTest@2cb2fc20]" started-at="2024-11-29T16:13:46 IST" name="setUp" finished-at="2024-11-29T16:13:50 IST" duration-ms="4276" status="PASS">
          <params>
            <param index="0">
              <value>
                <![CDATA[firefox]]>
              </value>
            </param>
          </params>
          <reporter-output>
          </reporter-output>
        </test-method> <!-- setUp -->
        <test-method signature="testHomePage()[pri:0, instance:WebPageTest@2cb2fc20]" started-at="2024-11-29T16:13:50 IST" name="testHomePage" finished-at="2024-11-29T16:14:07 IST" duration-ms="17381" status="PASS">
          <reporter-output>
          </reporter-output>
        </test-method> <!-- testHomePage -->
        <test-method is-config="true" signature="tearDown()[pri:0, instance:WebPageTest@2cb2fc20]" started-at="2024-11-29T16:14:07 IST" name="tearDown" finished-at="2024-11-29T16:14:08 IST" duration-ms="922" status="PASS">
          <reporter-output>
          </reporter-output>
        </test-method> <!-- tearDown -->
      </class> <!-- WebPageTest -->
    </test> <!-- WebPage Test2 -->
  </suite> <!-- Suite -->
</testng-results>
