<?xml version="1.0" encoding="UTF-8"?>
<testng-results ignored="0" total="1" passed="1" failed="0" skipped="0">
  <reporter-output>
  </reporter-output>
  <suite started-at="2024-10-09T11:39:19 IST" name="Default suite" finished-at="2024-10-09T11:40:56 IST" duration-ms="96418">
    <groups>
    </groups>
    <test started-at="2024-10-09T11:39:19 IST" name="Default test" finished-at="2024-10-09T11:40:56 IST" duration-ms="96418">
      <class name="test">
        <test-method signature="open()[pri:0, instance:test@a1153bc]" started-at="2024-10-09T11:39:19 IST" name="open" finished-at="2024-10-09T11:40:56 IST" duration-ms="96386" status="PASS">
          <reporter-output>
          </reporter-output>
        </test-method> <!-- open -->
      </class> <!-- test -->
    </test> <!-- Default test -->
  </suite> <!-- Default suite -->
</testng-results>
